INFO:root:

Training starting on: 07/02/2025, 22:46:55


INFO:root:--------------------------------------------------
INFO:root:total_blocks : 12
INFO:root:adapters_per_block : 1
INFO:root:current_task : 0
INFO:root:total_temporal_adapters : 12
INFO:root:total_spatial_adapters : 12
INFO:root:total_classifiers : 1
INFO:root:total_adapters : 24
INFO:root:total_params : 53137925
INFO:root:--------------------------------------------------
INFO:root:Epoch 0 - Average Loss: 1.6029, Average Accuracy: 0.2439, Samples: 693
INFO:root:Evaluation Epoch 0 - Average Loss: 1.5913, Average Accuracy: 0.2870, Samples: 115
INFO:root:Epoch 1 - Average Loss: 1.5867, Average Accuracy: 0.2857, Samples: 693
INFO:root:Evaluation Epoch 1 - Average Loss: 1.5879, Average Accuracy: 0.2870, Samples: 115
INFO:root:Epoch 2 - Average Loss: 1.5852, Average Accuracy: 0.2857, Samples: 693
INFO:root:Evaluation Epoch 2 - Average Loss: 1.5860, Average Accuracy: 0.2870, Samples: 115
INFO:root:Epoch 3 - Average Loss: 1.5832, Average Accuracy: 0.2857, Samples: 693
INFO:root:Evaluation Epoch 3 - Average Loss: 1.5856, Average Accuracy: 0.2870, Samples: 115
INFO:root:Epoch 4 - Average Loss: 1.5815, Average Accuracy: 0.2857, Samples: 693
INFO:root:Evaluation Epoch 4 - Average Loss: 1.5844, Average Accuracy: 0.2870, Samples: 115
INFO:root:Epoch 5 - Average Loss: 1.5805, Average Accuracy: 0.2929, Samples: 693
INFO:root:Evaluation Epoch 5 - Average Loss: 1.5837, Average Accuracy: 0.2870, Samples: 115
INFO:root:Epoch 6 - Average Loss: 1.5778, Average Accuracy: 0.2900, Samples: 693
INFO:root:Evaluation Epoch 6 - Average Loss: 1.5829, Average Accuracy: 0.2957, Samples: 115
INFO:root:Epoch 7 - Average Loss: 1.5764, Average Accuracy: 0.2900, Samples: 693
INFO:root:Evaluation Epoch 7 - Average Loss: 1.5829, Average Accuracy: 0.2957, Samples: 115
INFO:root:Epoch 8 - Average Loss: 1.5754, Average Accuracy: 0.3030, Samples: 693
INFO:root:Evaluation Epoch 8 - Average Loss: 1.5828, Average Accuracy: 0.2957, Samples: 115
INFO:root:Epoch 9 - Average Loss: 1.5739, Average Accuracy: 0.3131, Samples: 693
INFO:root:Evaluation Epoch 9 - Average Loss: 1.5818, Average Accuracy: 0.2957, Samples: 115
INFO:root:Epoch 10 - Average Loss: 1.5730, Average Accuracy: 0.3102, Samples: 693
INFO:root:Evaluation Epoch 10 - Average Loss: 1.5814, Average Accuracy: 0.2957, Samples: 115
INFO:root:Epoch 11 - Average Loss: 1.5716, Average Accuracy: 0.3175, Samples: 693
INFO:root:Evaluation Epoch 11 - Average Loss: 1.5813, Average Accuracy: 0.3043, Samples: 115
INFO:root:Epoch 12 - Average Loss: 1.5711, Average Accuracy: 0.3175, Samples: 693
INFO:root:Evaluation Epoch 12 - Average Loss: 1.5806, Average Accuracy: 0.3043, Samples: 115
INFO:root:Epoch 13 - Average Loss: 1.5702, Average Accuracy: 0.3175, Samples: 693
INFO:root:Evaluation Epoch 13 - Average Loss: 1.5802, Average Accuracy: 0.2957, Samples: 115
INFO:root:Epoch 14 - Average Loss: 1.5697, Average Accuracy: 0.3203, Samples: 693
INFO:root:Evaluation Epoch 14 - Average Loss: 1.5802, Average Accuracy: 0.3043, Samples: 115
INFO:root:Epoch 15 - Average Loss: 1.5694, Average Accuracy: 0.3189, Samples: 693
INFO:root:Evaluation Epoch 15 - Average Loss: 1.5801, Average Accuracy: 0.3043, Samples: 115
INFO:root:Epoch 16 - Average Loss: 1.5690, Average Accuracy: 0.3261, Samples: 693
INFO:root:Evaluation Epoch 16 - Average Loss: 1.5798, Average Accuracy: 0.3043, Samples: 115
INFO:root:Epoch 17 - Average Loss: 1.5689, Average Accuracy: 0.3218, Samples: 693
INFO:root:Evaluation Epoch 17 - Average Loss: 1.5798, Average Accuracy: 0.3043, Samples: 115
INFO:root:

Training starting on: 07/02/2025, 23:18:49


INFO:root:--------------------------------------------------
INFO:root:total_blocks : 12
INFO:root:adapters_per_block : 1
INFO:root:current_task : 0
INFO:root:total_temporal_adapters : 12
INFO:root:total_spatial_adapters : 12
INFO:root:total_classifiers : 1
INFO:root:total_adapters : 24
INFO:root:total_params : 53137925
INFO:root:--------------------------------------------------
